<?xml version="1.0" encoding="UTF-8"?>
<coverage generated="1666694891544" clover="3.2.0">
  <project timestamp="1666694891544" name="All files">
    <metrics statements="14" coveredstatements="14" conditionals="0" coveredconditionals="0" methods="4" coveredmethods="4" elements="18" coveredelements="18" complexity="0" loc="14" ncloc="14" packages="1" files="1" classes="1"/>
    <file name="user.js" path="/Users/mba/Makers/bank-tech-test/user.js">
      <metrics statements="14" coveredstatements="14" conditionals="0" coveredconditionals="0" methods="4" coveredmethods="4"/>
      <line num="3" count="3" type="stmt"/>
      <line num="4" count="3" type="stmt"/>
      <line num="8" count="3" type="stmt"/>
      <line num="9" count="3" type="stmt"/>
      <line num="13" count="2" type="stmt"/>
      <line num="14" count="2" type="stmt"/>
      <line num="18" count="1" type="stmt"/>
      <line num="19" count="1" type="stmt"/>
      <line num="20" count="2" type="stmt"/>
      <line num="22" count="1" type="stmt"/>
      <line num="26" count="5" type="stmt"/>
      <line num="27" count="5" type="stmt"/>
      <line num="33" count="5" type="stmt"/>
      <line num="37" count="1" type="stmt"/>
    </file>
  </project>
</coverage>
