{"/Users/mba/Makers/bank-tech-test/user.js": {"path":"/Users/mba/Makers/bank-tech-test/user.js","statementMap":{"0":{"start":{"line":3,"column":4},"end":{"line":3,"column":21}},"1":{"start":{"line":4,"column":4},"end":{"line":4,"column":24}},"2":{"start":{"line":8,"column":4},"end":{"line":8,"column":27}},"3":{"start":{"line":9,"column":4},"end":{"line":9,"column":27}},"4":{"start":{"line":13,"column":4},"end":{"line":13,"column":26}},"5":{"start":{"line":14,"column":4},"end":{"line":14,"column":26}},"6":{"start":{"line":18,"column":27},"end":{"line":18,"column":65}},"7":{"start":{"line":19,"column":4},"end":{"line":21,"column":5}},"8":{"start":{"line":19,"column":21},"end":{"line":19,"column":22}},"9":{"start":{"line":20,"column":6},"end":{"line":20,"column":165}},"10":{"start":{"line":22,"column":4},"end":{"line":22,"column":28}},"11":{"start":{"line":26,"column":18},"end":{"line":26,"column":28}},"12":{"start":{"line":27,"column":22},"end":{"line":32,"column":5}},"13":{"start":{"line":33,"column":4},"end":{"line":33,"column":35}},"14":{"start":{"line":37,"column":0},"end":{"line":37,"column":22}}},"fnMap":{"0":{"name":"(anonymous_0)","decl":{"start":{"line":2,"column":2},"end":{"line":2,"column":3}},"loc":{"start":{"line":2,"column":16},"end":{"line":5,"column":3}},"line":2},"1":{"name":"(anonymous_1)","decl":{"start":{"line":7,"column":2},"end":{"line":7,"column":3}},"loc":{"start":{"line":7,"column":18},"end":{"line":10,"column":3}},"line":7},"2":{"name":"(anonymous_2)","decl":{"start":{"line":12,"column":2},"end":{"line":12,"column":3}},"loc":{"start":{"line":12,"column":18},"end":{"line":15,"column":3}},"line":12},"3":{"name":"(anonymous_3)","decl":{"start":{"line":17,"column":2},"end":{"line":17,"column":3}},"loc":{"start":{"line":17,"column":10},"end":{"line":23,"column":3}},"line":17}},"branchMap":{},"s":{"0":3,"1":3,"2":3,"3":3,"4":2,"5":2,"6":1,"7":1,"8":1,"9":2,"10":1,"11":5,"12":5,"13":5,"14":1},"f":{"0":3,"1":3,"2":2,"3":1},"b":{},"_coverageSchema":"1a1c01bbd47fc00a2c39e90264f33305004495a9","hash":"994193316467ad8188d0e9fdff969d0cdc455245"}
}
